<?xml version="1.0" encoding="UTF-8"?>
<testng-results ignored="0" total="2" passed="0" failed="2" skipped="0">
  <reporter-output>
  </reporter-output>
  <suite started-at="2025-04-12T10:31:15 IST" name="Default suite" finished-at="2025-04-12T10:31:45 IST" duration-ms="29426">
    <groups>
      <group name="cucumber">
        <method signature="AbstractTestNGCucumberTests.runScenario(io.cucumber.testng.PickleWrapper, io.cucumber.testng.FeatureWrapper)[pri:0, instance:Pages.Runner@2b71e916]" name="runScenario" class="io.cucumber.testng.AbstractTestNGCucumberTests"/>
      </group> <!-- cucumber -->
    </groups>
    <test started-at="2025-04-12T10:31:15 IST" name="Default test" finished-at="2025-04-12T10:31:45 IST" duration-ms="29426">
      <class name="Pages.Runner">
        <test-method is-config="true" signature="setUpClass()[pri:0, instance:Pages.Runner@2b71e916]" started-at="2025-04-12T10:31:15 IST" name="setUpClass" finished-at="2025-04-12T10:31:16 IST" duration-ms="739" status="PASS">
          <reporter-output>
          </reporter-output>
        </test-method> <!-- setUpClass -->
        <test-method signature="runScenario(io.cucumber.testng.PickleWrapper, io.cucumber.testng.FeatureWrapper)[pri:0, instance:Pages.Runner@2b71e916]" started-at="2025-04-12T10:31:16 IST" name="runScenario" description="Runs Cucumber Scenarios" data-provider="scenarios" finished-at="2025-04-12T10:31:33 IST" duration-ms="16488" status="FAIL">
          <params>
            <param index="0">
              <value>
                <![CDATA["Login using valid cred"]]>
              </value>
            </param>
            <param index="1">
              <value>
                <![CDATA["Optional[Validate Login with Valid Cred]"]]>
              </value>
            </param>
          </params>
          <exception class="java.lang.NullPointerException">
            <message>
              <![CDATA[Cannot invoke "Pages.PageObjectManager.getHome()" because "this.Page" is null]]>
            </message>
            <full-stacktrace>
              <![CDATA[java.lang.NullPointerException: Cannot invoke "Pages.PageObjectManager.getHome()" because "this.Page" is null
at AutomationSteps.LoginUserWithValidCredSteps.verifyhomepage(LoginUserWithValidCredSteps.java:25)
at ✽.Verify that home page is visible successfully "Website for automation practice"(file:///D:/Shrirang.Ladda/git/EmployeeCounsellorProject/src/test/resources/LoginUserwithValidCred.feature:7)
]]>
            </full-stacktrace>
          </exception> <!-- java.lang.NullPointerException -->
          <reporter-output>
          </reporter-output>
        </test-method> <!-- runScenario -->
        <test-method signature="runScenario(io.cucumber.testng.PickleWrapper, io.cucumber.testng.FeatureWrapper)[pri:0, instance:Pages.Runner@2b71e916]" started-at="2025-04-12T10:31:33 IST" name="runScenario" description="Runs Cucumber Scenarios" data-provider="scenarios" finished-at="2025-04-12T10:31:44 IST" duration-ms="11734" status="FAIL">
          <params>
            <param index="0">
              <value>
                <![CDATA["Login using valid cred"]]>
              </value>
            </param>
            <param index="1">
              <value>
                <![CDATA["Optional[Validate Login with Valid Cred]"]]>
              </value>
            </param>
          </params>
          <exception class="java.lang.NullPointerException">
            <message>
              <![CDATA[Cannot invoke "Pages.PageObjectManager.getHome()" because "this.Page" is null]]>
            </message>
            <full-stacktrace>
              <![CDATA[java.lang.NullPointerException: Cannot invoke "Pages.PageObjectManager.getHome()" because "this.Page" is null
at AutomationSteps.LoginUserWithValidCredSteps.verifyhomepage(LoginUserWithValidCredSteps.java:25)
at ✽.Verify that home page is visible successfully "Website for automation practice"(file:///D:/Shrirang.Ladda/git/EmployeeCounsellorProject/src/test/resources/LoginUserwithValidCred.feature:7)
]]>
            </full-stacktrace>
          </exception> <!-- java.lang.NullPointerException -->
          <reporter-output>
          </reporter-output>
        </test-method> <!-- runScenario -->
        <test-method is-config="true" signature="tearDownClass()[pri:0, instance:Pages.Runner@2b71e916]" started-at="2025-04-12T10:31:44 IST" name="tearDownClass" finished-at="2025-04-12T10:31:45 IST" duration-ms="422" status="PASS">
          <reporter-output>
          </reporter-output>
        </test-method> <!-- tearDownClass -->
      </class> <!-- Pages.Runner -->
    </test> <!-- Default test -->
  </suite> <!-- Default suite -->
</testng-results>
